2020-11-17T05:46:22.462089Z 0 [System] [MY-010116] [Server] C:\Users\dldnw\Documents\GitHub\LWJ\학교\20_2_고급웹프로그래밍\실험실\mysql\bin\mysqld.exe (mysqld 8.0.22) starting as process 10548
2020-11-17T05:46:22.485833Z 1 [System] [MY-013576] [InnoDB] InnoDB initialization has started.
2020-11-17T05:46:23.025690Z 1 [System] [MY-013577] [InnoDB] InnoDB initialization has ended.
2020-11-17T05:46:23.173660Z 0 [System] [MY-011323] [Server] X Plugin ready for connections. Bind-address: '::' port: 33060
2020-11-17T05:46:23.350505Z 0 [Warning] [MY-010068] [Server] CA certificate ca.pem is self signed.
2020-11-17T05:46:23.352130Z 0 [System] [MY-013602] [Server] Channel mysql_main configured to support TLS. Encrypted connections are now supported for this channel.
2020-11-17T05:46:23.395290Z 0 [System] [MY-010931] [Server] C:\Users\dldnw\Documents\GitHub\LWJ\학교\20_2_고급웹프로그래밍\실험실\mysql\bin\mysqld.exe: ready for connections. Version: '8.0.22'  socket: ''  port: 3306  MySQL Community Server - GPL.
2020-11-17T05:47:26.793082Z 0 [System] [MY-010116] [Server] C:\Users\dldnw\Documents\GitHub\LWJ\학교\20_2_고급웹프로그래밍\실험실\mysql\bin\mysqld.exe (mysqld 8.0.22) starting as process 14732
2020-11-17T05:47:26.810180Z 1 [System] [MY-013576] [InnoDB] InnoDB initialization has started.
2020-11-17T05:47:27.584091Z 1 [System] [MY-013577] [InnoDB] InnoDB initialization has ended.
2020-11-17T05:47:27.741599Z 0 [System] [MY-011323] [Server] X Plugin ready for connections. Bind-address: '::' port: 33060
2020-11-17T05:47:27.771059Z 0 [System] [MY-010229] [Server] Starting XA crash recovery...
2020-11-17T05:47:27.778655Z 0 [System] [MY-010232] [Server] XA crash recovery finished.
2020-11-17T05:47:27.843951Z 0 [Warning] [MY-010068] [Server] CA certificate ca.pem is self signed.
2020-11-17T05:47:27.844895Z 0 [System] [MY-013602] [Server] Channel mysql_main configured to support TLS. Encrypted connections are now supported for this channel.
2020-11-17T05:47:27.887640Z 0 [System] [MY-010931] [Server] C:\Users\dldnw\Documents\GitHub\LWJ\학교\20_2_고급웹프로그래밍\실험실\mysql\bin\mysqld.exe: ready for connections. Version: '8.0.22'  socket: ''  port: 3306  MySQL Community Server - GPL.
2020-11-17T05:48:48.781941Z 0 [System] [MY-010116] [Server] C:\Users\dldnw\Documents\GitHub\LWJ\학교\20_2_고급웹프로그래밍\실험실\mysql\bin\mysqld.exe (mysqld 8.0.22) starting as process 15024
2020-11-17T05:48:48.806392Z 1 [System] [MY-013576] [InnoDB] InnoDB initialization has started.
2020-11-17T05:48:49.577123Z 1 [System] [MY-013577] [InnoDB] InnoDB initialization has ended.
2020-11-17T05:48:49.746525Z 0 [System] [MY-011323] [Server] X Plugin ready for connections. Bind-address: '::' port: 33060
2020-11-17T05:48:49.774549Z 0 [System] [MY-010229] [Server] Starting XA crash recovery...
2020-11-17T05:48:49.786199Z 0 [System] [MY-010232] [Server] XA crash recovery finished.
2020-11-17T05:48:49.861466Z 0 [Warning] [MY-010068] [Server] CA certificate ca.pem is self signed.
2020-11-17T05:48:49.862442Z 0 [System] [MY-013602] [Server] Channel mysql_main configured to support TLS. Encrypted connections are now supported for this channel.
2020-11-17T05:48:49.907788Z 0 [System] [MY-010931] [Server] C:\Users\dldnw\Documents\GitHub\LWJ\학교\20_2_고급웹프로그래밍\실험실\mysql\bin\mysqld.exe: ready for connections. Version: '8.0.22'  socket: ''  port: 3306  MySQL Community Server - GPL.
2020-11-17T05:50:02.866278Z 0 [System] [MY-010116] [Server] C:\Users\dldnw\Documents\GitHub\LWJ\학교\20_2_고급웹프로그래밍\실험실\mysql\bin\mysqld.exe (mysqld 8.0.22) starting as process 15808
2020-11-17T05:50:02.884740Z 1 [System] [MY-013576] [InnoDB] InnoDB initialization has started.
2020-11-17T05:50:03.689653Z 1 [System] [MY-013577] [InnoDB] InnoDB initialization has ended.
2020-11-17T05:50:03.856882Z 0 [System] [MY-011323] [Server] X Plugin ready for connections. Bind-address: '::' port: 33060
2020-11-17T05:50:03.887280Z 0 [System] [MY-010229] [Server] Starting XA crash recovery...
2020-11-17T05:50:03.897426Z 0 [System] [MY-010232] [Server] XA crash recovery finished.
2020-11-17T05:50:03.970021Z 0 [Warning] [MY-010068] [Server] CA certificate ca.pem is self signed.
2020-11-17T05:50:03.971713Z 0 [System] [MY-013602] [Server] Channel mysql_main configured to support TLS. Encrypted connections are now supported for this channel.
2020-11-17T05:50:04.018714Z 0 [System] [MY-010931] [Server] C:\Users\dldnw\Documents\GitHub\LWJ\학교\20_2_고급웹프로그래밍\실험실\mysql\bin\mysqld.exe: ready for connections. Version: '8.0.22'  socket: ''  port: 3306  MySQL Community Server - GPL.
2020-11-17T05:52:53.062659Z 0 [System] [MY-010116] [Server] C:\Users\dldnw\Documents\GitHub\LWJ\학교\20_2_고급웹프로그래밍\실험실\mysql\bin\mysqld.exe (mysqld 8.0.22) starting as process 14264
2020-11-17T05:52:53.064632Z 0 [Warning] [MY-013242] [Server] --character-set-server: 'utf8' is currently an alias for the character set UTF8MB3, but will be an alias for UTF8MB4 in a future release. Please consider using UTF8MB4 in order to be unambiguous.
2020-11-17T05:52:53.082565Z 1 [System] [MY-013576] [InnoDB] InnoDB initialization has started.
2020-11-17T05:52:53.885323Z 1 [System] [MY-013577] [InnoDB] InnoDB initialization has ended.
2020-11-17T05:52:54.051831Z 0 [System] [MY-011323] [Server] X Plugin ready for connections. Bind-address: '::' port: 33060
2020-11-17T05:52:54.086776Z 0 [System] [MY-010229] [Server] Starting XA crash recovery...
2020-11-17T05:52:54.096598Z 0 [System] [MY-010232] [Server] XA crash recovery finished.
2020-11-17T05:52:54.170985Z 0 [Warning] [MY-010068] [Server] CA certificate ca.pem is self signed.
2020-11-17T05:52:54.171909Z 0 [System] [MY-013602] [Server] Channel mysql_main configured to support TLS. Encrypted connections are now supported for this channel.
2020-11-17T05:52:54.217597Z 0 [System] [MY-010931] [Server] C:\Users\dldnw\Documents\GitHub\LWJ\학교\20_2_고급웹프로그래밍\실험실\mysql\bin\mysqld.exe: ready for connections. Version: '8.0.22'  socket: ''  port: 3306  MySQL Community Server - GPL.
2020-11-20T18:49:12.652614Z 0 [System] [MY-010116] [Server] C:\Users\dldnw\Documents\GitHub\LWJ\학교\20_2_고급웹프로그래밍\실험실\mysql\bin\mysqld.exe (mysqld 8.0.22) starting as process 22844
2020-11-20T18:49:12.730626Z 1 [System] [MY-013576] [InnoDB] InnoDB initialization has started.
2020-11-20T18:49:14.219185Z 1 [System] [MY-013577] [InnoDB] InnoDB initialization has ended.
2020-11-20T18:49:14.398506Z 0 [System] [MY-011323] [Server] X Plugin ready for connections. Bind-address: '::' port: 33060
2020-11-20T18:49:14.453609Z 0 [System] [MY-010229] [Server] Starting XA crash recovery...
2020-11-20T18:49:14.462525Z 0 [System] [MY-010232] [Server] XA crash recovery finished.
2020-11-20T18:49:14.570428Z 0 [Warning] [MY-010068] [Server] CA certificate ca.pem is self signed.
2020-11-20T18:49:14.571391Z 0 [System] [MY-013602] [Server] Channel mysql_main configured to support TLS. Encrypted connections are now supported for this channel.
2020-11-20T18:49:14.634118Z 0 [System] [MY-010931] [Server] C:\Users\dldnw\Documents\GitHub\LWJ\학교\20_2_고급웹프로그래밍\실험실\mysql\bin\mysqld.exe: ready for connections. Version: '8.0.22'  socket: ''  port: 3306  MySQL Community Server - GPL.
2020-11-23T14:00:12.479292Z 0 [System] [MY-010116] [Server] C:\Users\dldnw\Documents\GitHub\LWJ\학교\20_2_고급웹프로그래밍\실험실\mysql\bin\mysqld.exe (mysqld 8.0.22) starting as process 21860
2020-11-23T14:00:12.545513Z 1 [System] [MY-013576] [InnoDB] InnoDB initialization has started.
2020-11-23T14:00:13.372171Z 1 [System] [MY-013577] [InnoDB] InnoDB initialization has ended.
2020-11-23T14:00:13.536160Z 0 [System] [MY-011323] [Server] X Plugin ready for connections. Bind-address: '::' port: 33060
2020-11-23T14:00:13.569613Z 0 [System] [MY-010229] [Server] Starting XA crash recovery...
2020-11-23T14:00:13.579172Z 0 [System] [MY-010232] [Server] XA crash recovery finished.
2020-11-23T14:00:13.677481Z 0 [Warning] [MY-010068] [Server] CA certificate ca.pem is self signed.
2020-11-23T14:00:13.678421Z 0 [System] [MY-013602] [Server] Channel mysql_main configured to support TLS. Encrypted connections are now supported for this channel.
2020-11-23T14:00:13.745410Z 0 [System] [MY-010931] [Server] C:\Users\dldnw\Documents\GitHub\LWJ\학교\20_2_고급웹프로그래밍\실험실\mysql\bin\mysqld.exe: ready for connections. Version: '8.0.22'  socket: ''  port: 3306  MySQL Community Server - GPL.
2020-11-23T14:09:32.065725Z 0 [System] [MY-010116] [Server] C:\Users\dldnw\Documents\GitHub\LWJ\학교\20_2_고급웹프로그래밍\실험실\mysql\bin\mysqld.exe (mysqld 8.0.22) starting as process 10388
2020-11-23T14:09:32.083328Z 1 [System] [MY-013576] [InnoDB] InnoDB initialization has started.
2020-11-23T14:09:32.840551Z 1 [System] [MY-013577] [InnoDB] InnoDB initialization has ended.
2020-11-23T14:09:33.016117Z 0 [System] [MY-011323] [Server] X Plugin ready for connections. Bind-address: '::' port: 33060
2020-11-23T14:09:33.048022Z 0 [System] [MY-010229] [Server] Starting XA crash recovery...
2020-11-23T14:09:33.057523Z 0 [System] [MY-010232] [Server] XA crash recovery finished.
2020-11-23T14:09:33.134410Z 0 [Warning] [MY-010068] [Server] CA certificate ca.pem is self signed.
2020-11-23T14:09:33.135345Z 0 [System] [MY-013602] [Server] Channel mysql_main configured to support TLS. Encrypted connections are now supported for this channel.
2020-11-23T14:09:33.194276Z 0 [System] [MY-010931] [Server] C:\Users\dldnw\Documents\GitHub\LWJ\학교\20_2_고급웹프로그래밍\실험실\mysql\bin\mysqld.exe: ready for connections. Version: '8.0.22'  socket: ''  port: 3306  MySQL Community Server - GPL.
2020-11-24T03:57:55.417743Z 0 [System] [MY-010116] [Server] C:\Users\dldnw\Documents\GitHub\LWJ\학교\20_2_고급웹프로그래밍\실험실\mysql\bin\mysqld.exe (mysqld 8.0.22) starting as process 16416
2020-11-24T03:57:55.491310Z 1 [System] [MY-013576] [InnoDB] InnoDB initialization has started.
2020-11-24T03:57:56.222480Z 1 [System] [MY-013577] [InnoDB] InnoDB initialization has ended.
2020-11-24T03:57:56.408831Z 0 [System] [MY-011323] [Server] X Plugin ready for connections. Bind-address: '::' port: 33060
2020-11-24T03:57:56.442060Z 0 [System] [MY-010229] [Server] Starting XA crash recovery...
2020-11-24T03:57:56.450559Z 0 [System] [MY-010232] [Server] XA crash recovery finished.
2020-11-24T03:57:56.529227Z 0 [Warning] [MY-010068] [Server] CA certificate ca.pem is self signed.
2020-11-24T03:57:56.530154Z 0 [System] [MY-013602] [Server] Channel mysql_main configured to support TLS. Encrypted connections are now supported for this channel.
2020-11-24T03:57:56.594875Z 0 [System] [MY-010931] [Server] C:\Users\dldnw\Documents\GitHub\LWJ\학교\20_2_고급웹프로그래밍\실험실\mysql\bin\mysqld.exe: ready for connections. Version: '8.0.22'  socket: ''  port: 3306  MySQL Community Server - GPL.
2020-11-24T09:17:16.120183Z 0 [System] [MY-010116] [Server] C:\Users\dldnw\Documents\GitHub\LWJ\학교\20_2_고급웹프로그래밍\실험실\mysql\bin\mysqld.exe (mysqld 8.0.22) starting as process 1744
2020-11-24T09:17:16.162889Z 1 [System] [MY-013576] [InnoDB] InnoDB initialization has started.
2020-11-24T09:17:16.910729Z 1 [System] [MY-013577] [InnoDB] InnoDB initialization has ended.
2020-11-24T09:17:17.122555Z 0 [System] [MY-011323] [Server] X Plugin ready for connections. Bind-address: '::' port: 33060
2020-11-24T09:17:17.162069Z 0 [System] [MY-010229] [Server] Starting XA crash recovery...
2020-11-24T09:17:17.169747Z 0 [System] [MY-010232] [Server] XA crash recovery finished.
2020-11-24T09:17:17.271256Z 0 [Warning] [MY-010068] [Server] CA certificate ca.pem is self signed.
2020-11-24T09:17:17.273039Z 0 [System] [MY-013602] [Server] Channel mysql_main configured to support TLS. Encrypted connections are now supported for this channel.
2020-11-24T09:17:17.364440Z 0 [System] [MY-010931] [Server] C:\Users\dldnw\Documents\GitHub\LWJ\학교\20_2_고급웹프로그래밍\실험실\mysql\bin\mysqld.exe: ready for connections. Version: '8.0.22'  socket: ''  port: 3306  MySQL Community Server - GPL.
2020-11-27T13:00:02.960229Z 0 [System] [MY-010116] [Server] C:\Users\dldnw\Documents\GitHub\LWJ\학교\20_2_고급웹프로그래밍\실험실\mysql\bin\mysqld.exe (mysqld 8.0.22) starting as process 20468
2020-11-27T13:00:03.070844Z 1 [System] [MY-013576] [InnoDB] InnoDB initialization has started.
2020-11-27T13:00:03.992341Z 1 [System] [MY-013577] [InnoDB] InnoDB initialization has ended.
2020-11-27T13:00:04.221765Z 0 [System] [MY-011323] [Server] X Plugin ready for connections. Bind-address: '::' port: 33060
2020-11-27T13:00:04.264055Z 0 [System] [MY-010229] [Server] Starting XA crash recovery...
2020-11-27T13:00:04.275133Z 0 [System] [MY-010232] [Server] XA crash recovery finished.
2020-11-27T13:00:04.406521Z 0 [Warning] [MY-010068] [Server] CA certificate ca.pem is self signed.
2020-11-27T13:00:04.407986Z 0 [System] [MY-013602] [Server] Channel mysql_main configured to support TLS. Encrypted connections are now supported for this channel.
2020-11-27T13:00:04.608030Z 0 [System] [MY-010931] [Server] C:\Users\dldnw\Documents\GitHub\LWJ\학교\20_2_고급웹프로그래밍\실험실\mysql\bin\mysqld.exe: ready for connections. Version: '8.0.22'  socket: ''  port: 3306  MySQL Community Server - GPL.
2020-11-28T14:37:10.979058Z 0 [System] [MY-010116] [Server] C:\Users\dldnw\Documents\GitHub\LWJ\학교\20_2_고급웹프로그래밍\실험실\mysql\bin\mysqld.exe (mysqld 8.0.22) starting as process 14944
2020-11-28T14:37:11.030847Z 1 [System] [MY-013576] [InnoDB] InnoDB initialization has started.
2020-11-28T14:37:11.914739Z 1 [System] [MY-013577] [InnoDB] InnoDB initialization has ended.
2020-11-28T14:37:12.149447Z 0 [System] [MY-011323] [Server] X Plugin ready for connections. Bind-address: '::' port: 33060
2020-11-28T14:37:12.190948Z 0 [System] [MY-010229] [Server] Starting XA crash recovery...
2020-11-28T14:37:12.201753Z 0 [System] [MY-010232] [Server] XA crash recovery finished.
2020-11-28T14:37:12.321703Z 0 [Warning] [MY-010068] [Server] CA certificate ca.pem is self signed.
2020-11-28T14:37:12.322851Z 0 [System] [MY-013602] [Server] Channel mysql_main configured to support TLS. Encrypted connections are now supported for this channel.
2020-11-28T14:37:12.522452Z 0 [System] [MY-010931] [Server] C:\Users\dldnw\Documents\GitHub\LWJ\학교\20_2_고급웹프로그래밍\실험실\mysql\bin\mysqld.exe: ready for connections. Version: '8.0.22'  socket: ''  port: 3306  MySQL Community Server - GPL.
2020-11-29T04:34:10.932016Z 0 [System] [MY-010116] [Server] C:\Users\dldnw\Documents\GitHub\LWJ\학교\20_2_고급웹프로그래밍\실험실\mysql\bin\mysqld.exe (mysqld 8.0.22) starting as process 16972
2020-11-29T04:34:10.973779Z 1 [System] [MY-013576] [InnoDB] InnoDB initialization has started.
2020-11-29T04:34:12.205224Z 1 [System] [MY-013577] [InnoDB] InnoDB initialization has ended.
2020-11-29T04:34:12.777330Z 0 [System] [MY-011323] [Server] X Plugin ready for connections. Bind-address: '::' port: 33060
2020-11-29T04:34:12.835997Z 0 [System] [MY-010229] [Server] Starting XA crash recovery...
2020-11-29T04:34:12.845297Z 0 [System] [MY-010232] [Server] XA crash recovery finished.
2020-11-29T04:34:13.091022Z 0 [Warning] [MY-010068] [Server] CA certificate ca.pem is self signed.
2020-11-29T04:34:13.092183Z 0 [System] [MY-013602] [Server] Channel mysql_main configured to support TLS. Encrypted connections are now supported for this channel.
2020-11-29T04:34:13.244694Z 0 [System] [MY-010931] [Server] C:\Users\dldnw\Documents\GitHub\LWJ\학교\20_2_고급웹프로그래밍\실험실\mysql\bin\mysqld.exe: ready for connections. Version: '8.0.22'  socket: ''  port: 3306  MySQL Community Server - GPL.
2020-11-29T14:33:33.687872Z 0 [System] [MY-010116] [Server] C:\Users\dldnw\Documents\GitHub\LWJ\학교\20_2_고급웹프로그래밍\실험실\mysql\bin\mysqld.exe (mysqld 8.0.22) starting as process 7432
2020-11-29T14:33:33.713591Z 1 [System] [MY-013576] [InnoDB] InnoDB initialization has started.
2020-11-29T14:33:34.658319Z 1 [System] [MY-013577] [InnoDB] InnoDB initialization has ended.
2020-11-29T14:33:34.875592Z 0 [System] [MY-011323] [Server] X Plugin ready for connections. Bind-address: '::' port: 33060
2020-11-29T14:33:34.917598Z 0 [System] [MY-010229] [Server] Starting XA crash recovery...
2020-11-29T14:33:34.930638Z 0 [System] [MY-010232] [Server] XA crash recovery finished.
2020-11-29T14:33:35.028224Z 0 [Warning] [MY-010068] [Server] CA certificate ca.pem is self signed.
2020-11-29T14:33:35.029258Z 0 [System] [MY-013602] [Server] Channel mysql_main configured to support TLS. Encrypted connections are now supported for this channel.
2020-11-29T14:33:35.146705Z 0 [System] [MY-010931] [Server] C:\Users\dldnw\Documents\GitHub\LWJ\학교\20_2_고급웹프로그래밍\실험실\mysql\bin\mysqld.exe: ready for connections. Version: '8.0.22'  socket: ''  port: 3306  MySQL Community Server - GPL.
2020-12-01T06:27:20.532340Z 0 [System] [MY-010116] [Server] C:\Users\dldnw\Documents\GitHub\LWJ\학교\20_2_고급웹프로그래밍\실험실\mysql\bin\mysqld.exe (mysqld 8.0.22) starting as process 17660
2020-12-01T06:27:20.630883Z 1 [System] [MY-013576] [InnoDB] InnoDB initialization has started.
2020-12-01T06:27:21.635514Z 1 [System] [MY-013577] [InnoDB] InnoDB initialization has ended.
2020-12-01T06:27:21.847789Z 0 [System] [MY-011323] [Server] X Plugin ready for connections. Bind-address: '::' port: 33060
2020-12-01T06:27:21.887244Z 0 [System] [MY-010229] [Server] Starting XA crash recovery...
2020-12-01T06:27:21.896449Z 0 [System] [MY-010232] [Server] XA crash recovery finished.
2020-12-01T06:27:22.004983Z 0 [Warning] [MY-010068] [Server] CA certificate ca.pem is self signed.
2020-12-01T06:27:22.006079Z 0 [System] [MY-013602] [Server] Channel mysql_main configured to support TLS. Encrypted connections are now supported for this channel.
2020-12-01T06:27:22.222667Z 0 [System] [MY-010931] [Server] C:\Users\dldnw\Documents\GitHub\LWJ\학교\20_2_고급웹프로그래밍\실험실\mysql\bin\mysqld.exe: ready for connections. Version: '8.0.22'  socket: ''  port: 3306  MySQL Community Server - GPL.
2020-12-05T15:12:26.759480Z 0 [System] [MY-010116] [Server] C:\Users\dldnw\Documents\GitHub\LWJ\학교\20_2_고급웹프로그래밍\실험실\mysql\bin\mysqld.exe (mysqld 8.0.22) starting as process 22696
2020-12-05T15:12:26.870388Z 1 [System] [MY-013576] [InnoDB] InnoDB initialization has started.
2020-12-05T15:12:27.886028Z 1 [System] [MY-013577] [InnoDB] InnoDB initialization has ended.
2020-12-05T15:12:28.116191Z 0 [System] [MY-011323] [Server] X Plugin ready for connections. Bind-address: '::' port: 33060
2020-12-05T15:12:28.157840Z 0 [System] [MY-010229] [Server] Starting XA crash recovery...
2020-12-05T15:12:28.167468Z 0 [System] [MY-010232] [Server] XA crash recovery finished.
2020-12-05T15:12:28.282301Z 0 [Warning] [MY-010068] [Server] CA certificate ca.pem is self signed.
2020-12-05T15:12:28.283329Z 0 [System] [MY-013602] [Server] Channel mysql_main configured to support TLS. Encrypted connections are now supported for this channel.
2020-12-05T15:12:28.364125Z 0 [System] [MY-010931] [Server] C:\Users\dldnw\Documents\GitHub\LWJ\학교\20_2_고급웹프로그래밍\실험실\mysql\bin\mysqld.exe: ready for connections. Version: '8.0.22'  socket: ''  port: 3306  MySQL Community Server - GPL.
2020-12-06T10:48:47.344775Z 0 [System] [MY-010116] [Server] C:\Users\dldnw\Documents\GitHub\LWJ\학교\20_2_고급웹프로그래밍\실험실\mysql\bin\mysqld.exe (mysqld 8.0.22) starting as process 20296
2020-12-06T10:48:47.460860Z 1 [System] [MY-013576] [InnoDB] InnoDB initialization has started.
2020-12-06T10:48:48.517277Z 1 [System] [MY-013577] [InnoDB] InnoDB initialization has ended.
2020-12-06T10:48:48.772555Z 0 [System] [MY-011323] [Server] X Plugin ready for connections. Bind-address: '::' port: 33060
2020-12-06T10:48:48.816111Z 0 [System] [MY-010229] [Server] Starting XA crash recovery...
2020-12-06T10:48:48.828502Z 0 [System] [MY-010232] [Server] XA crash recovery finished.
2020-12-06T10:48:48.937875Z 0 [Warning] [MY-010068] [Server] CA certificate ca.pem is self signed.
2020-12-06T10:48:48.939073Z 0 [System] [MY-013602] [Server] Channel mysql_main configured to support TLS. Encrypted connections are now supported for this channel.
2020-12-06T10:48:49.100414Z 0 [System] [MY-010931] [Server] C:\Users\dldnw\Documents\GitHub\LWJ\학교\20_2_고급웹프로그래밍\실험실\mysql\bin\mysqld.exe: ready for connections. Version: '8.0.22'  socket: ''  port: 3306  MySQL Community Server - GPL.
2020-12-06T17:57:48.428771Z 0 [System] [MY-010116] [Server] C:\Users\dldnw\Documents\GitHub\LWJ\학교\20_2_고급웹프로그래밍\실험실\mysql\bin\mysqld.exe (mysqld 8.0.22) starting as process 21748
2020-12-06T17:57:48.456068Z 1 [System] [MY-013576] [InnoDB] InnoDB initialization has started.
2020-12-06T17:57:48.458821Z 1 [ERROR] [MY-012271] [InnoDB] The innodb_system data file 'ibdata1' must be writable
2020-12-06T17:57:48.459619Z 1 [ERROR] [MY-012278] [InnoDB] The innodb_system data file 'ibdata1' must be writable
2020-12-06T17:57:48.460336Z 1 [ERROR] [MY-010334] [Server] Failed to initialize DD Storage Engine
2020-12-06T17:57:48.461210Z 0 [ERROR] [MY-010020] [Server] Data Dictionary initialization failed.
2020-12-06T17:57:48.461944Z 0 [ERROR] [MY-010119] [Server] Aborting
2020-12-06T17:57:48.463159Z 0 [System] [MY-010910] [Server] C:\Users\dldnw\Documents\GitHub\LWJ\학교\20_2_고급웹프로그래밍\실험실\mysql\bin\mysqld.exe: Shutdown complete (mysqld 8.0.22)  MySQL Community Server - GPL.
2020-12-11T18:56:04.077405Z 0 [System] [MY-010116] [Server] C:\Users\dldnw\Documents\GitHub\LWJ\학교\20_2_고급웹프로그래밍\실험실\mysql\bin\mysqld.exe (mysqld 8.0.22) starting as process 9192
2020-12-11T18:56:04.178763Z 1 [System] [MY-013576] [InnoDB] InnoDB initialization has started.
2020-12-11T18:56:05.270695Z 1 [System] [MY-013577] [InnoDB] InnoDB initialization has ended.
2020-12-11T18:56:05.488206Z 0 [System] [MY-011323] [Server] X Plugin ready for connections. Bind-address: '::' port: 33060
2020-12-11T18:56:05.530758Z 0 [System] [MY-010229] [Server] Starting XA crash recovery...
2020-12-11T18:56:05.539734Z 0 [System] [MY-010232] [Server] XA crash recovery finished.
2020-12-11T18:56:05.649613Z 0 [Warning] [MY-010068] [Server] CA certificate ca.pem is self signed.
2020-12-11T18:56:05.651270Z 0 [System] [MY-013602] [Server] Channel mysql_main configured to support TLS. Encrypted connections are now supported for this channel.
2020-12-11T18:56:05.736663Z 0 [System] [MY-010931] [Server] C:\Users\dldnw\Documents\GitHub\LWJ\학교\20_2_고급웹프로그래밍\실험실\mysql\bin\mysqld.exe: ready for connections. Version: '8.0.22'  socket: ''  port: 3306  MySQL Community Server - GPL.
